<html>
<head>
<title>TestNG:  Purple Admin Tool</title>
<link href="../testng.css" rel="stylesheet" type="text/css" />
<link href="../my-testng.css" rel="stylesheet" type="text/css" />

<style type="text/css">
.log { display: none;} 
.stack-trace { display: none;} 
</style>
<script type="text/javascript">
<!--
function flip(e) {
  current = e.style.display;
  if (current == 'block') {
    e.style.display = 'none';
    return 0;
  }
  else {
    e.style.display = 'block';
    return 1;
  }
}

function toggleBox(szDivId, elem, msg1, msg2)
{
  var res = -1;  if (document.getElementById) {
    res = flip(document.getElementById(szDivId));
  }
  else if (document.all) {
    // this is the way old msie versions work
    res = flip(document.all[szDivId]);
  }
  if(elem) {
    if(res == 0) elem.innerHTML = msg1; else elem.innerHTML = msg2;
  }

}

function toggleAllBoxes() {
  if (document.getElementsByTagName) {
    d = document.getElementsByTagName('div');
    for (i = 0; i < d.length; i++) {
      if (d[i].className == 'log') {
        flip(d[i]);
      }
    }
  }
}

// -->
</script>

</head>
<body>
<h2 align='center'>Purple Admin Tool</h2><table border='1' align="center">
<tr>
<td>Tests passed/Failed/Skipped:</td><td>0/0/2</td>
</tr><tr>
<td>Started on:</td><td>Sun May 31 17:02:48 IST 2020</td>
</tr>
<tr><td>Total time:</td><td>2 seconds (2317 ms)</td>
</tr><tr>
<td>Included groups:</td><td></td>
</tr><tr>
<td>Excluded groups:</td><td></td>
</tr>
</table><p/>
<small><i>(Hover the method name to see the test class name)</i></small><p/>
<table width='100%' border='1' class='invocation-failed'>
<tr><td colspan='4' align='center'><b>FAILED CONFIGURATIONS</b></td></tr>
<tr><td><b>Test method</b></td>
<td width="30%"><b>Exception</b></td>
<td width="10%"><b>Time (seconds)</b></td>
<td><b>Instance</b></td>
</tr>
<tr>
<td title='com.purpleAdmin.qa.testcases.LoginPageTestCases.setUp()'><b>setUp</b><br>Test class: com.purpleAdmin.qa.testcases.LoginPageTestCases</td>
<td><div><pre>org.openqa.selenium.SessionNotCreatedException: session not created: This version of ChromeDriver only supports Chrome version 80
Build info: version: &apos;3.141.59&apos;, revision: &apos;e82be7d358&apos;, time: &apos;2018-11-14T08:17:03&apos;
System info: host: &apos;DS-LAP-74&apos;, ip: &apos;2402:8100:2801:15c:e88f:3e3d:fa4b:2fd9%en0&apos;, os.name: &apos;Mac OS X&apos;, os.arch: &apos;x86_64&apos;, os.version: &apos;10.15.4&apos;, java.version: &apos;1.8.0_241&apos;
Driver info: driver.version: ChromeDriver
remote stacktrace: 0   chromedriver                        0x00000001065bb329 chromedriver + 3838761
1   chromedriver                        0x0000000106555123 chromedriver + 3420451
2   chromedriver                        0x00000001062c962f chromedriver + 751151
3   chromedriver                        0x000000010622afa6 chromedriver + 102310
4   chromedriver                        0x0000000106226f7f chromedriver + 85887
5   chromedriver                        0x0000000106256473 chromedriver + 279667
6   chromedriver                        0x00000001062532b3 chromedriver + 266931
7   chromedriver                        0x000000010622d0bd chromedriver + 110781
8   chromedriver                        0x000000010622e055 chromedriver + 114773
9   chromedriver                        0x000000010657cebf chromedriver + 3583679
10  chromedriver                        0x0000000106589e4a chromedriver + 3636810
11  chromedriver                        0x0000000106589be7 chromedriver + 3636199
12  chromedriver                        0x0000000106560839 chromedriver + 3467321
13  chromedriver                        0x000000010658a707 chromedriver + 3639047
14  chromedriver                        0x0000000106572cc7 chromedriver + 3542215
15  chromedriver                        0x00000001065a0324 chromedriver + 3728164
16  chromedriver                        0x00000001065c1387 chromedriver + 3863431
17  libsystem_pthread.dylib             0x00007fff691d8109 _pthread_start + 148
18  libsystem_pthread.dylib             0x00007fff691d3b8b thread_start + 15

	at org.openqa.selenium.remote.W3CHandshakeResponse.lambda$errorHandler$0(W3CHandshakeResponse.java:62)
	at org.openqa.selenium.remote.HandshakeResponse.lambda$getResponseFunction$0(HandshakeResponse.java:30)
	at org.openqa.selenium.remote.ProtocolHandshake.lambda$createSession$0(ProtocolHandshake.java:126)
	at java.util.stream.ReferencePipeline$3$1.accept(ReferencePipeline.java:193)
	at java.util.Spliterators$ArraySpliterator.tryAdvance(Spliterators.java:958)
	at java.util.stream.ReferencePipeline.forEachWithCancel(ReferencePipeline.java:126)
	at java.util.stream.AbstractPipeline.copyIntoWithCancel(AbstractPipeline.java:499)
	at java.util.stream.AbstractPipeline.copyInto(AbstractPipeline.java:486)
	at java.util.stream.AbstractPipeline.wrapAndCopyInto(AbstractPipeline.java:472)
	at java.util.stream.FindOps$FindOp.evaluateSequential(FindOps.java:152)
	at java.util.stream.AbstractPipeline.evaluate(AbstractPipeline.java:234)
	at java.util.stream.ReferencePipeline.findFirst(ReferencePipeline.java:464)
	at org.openqa.selenium.remote.ProtocolHandshake.createSession(ProtocolHandshake.java:128)
	at org.openqa.selenium.remote.ProtocolHandshake.createSession(ProtocolHandshake.java:74)
	at org.openqa.selenium.remote.HttpCommandExecutor.execute(HttpCommandExecutor.java:136)
	at org.openqa.selenium.remote.service.DriverCommandExecutor.execute(DriverCommandExecutor.java:83)
	at org.openqa.selenium.remote.RemoteWebDriver.execute(RemoteWebDriver.java:552)
	at org.openqa.selenium.remote.RemoteWebDriver.startSession(RemoteWebDriver.java:213)
	at org.openqa.selenium.remote.RemoteWebDriver.&lt;init&gt;(RemoteWebDriver.java:131)
	at org.openqa.selenium.chrome.ChromeDriver.&lt;init&gt;(ChromeDriver.java:181)
	at org.openqa.selenium.chrome.ChromeDriver.&lt;init&gt;(ChromeDriver.java:168)
	at org.openqa.selenium.chrome.ChromeDriver.&lt;init&gt;(ChromeDriver.java:123)
	at com.purpleAdmin.qa.base.TestBase.initialization(TestBase.java:51)
	at com.purpleAdmin.qa.testcases.LoginPageTestCases.setUp(LoginPageTestCases.java:30)
... Removed 30 stack frames</pre></div><a href='#' onClick='toggleBox("stack-trace154319946", this, "Click to show all stack frames", "Click to hide stack frames")'>Click to show all stack frames</a>
<div class='stack-trace' id='stack-trace154319946'><pre>org.openqa.selenium.SessionNotCreatedException: session not created: This version of ChromeDriver only supports Chrome version 80
Build info: version: &apos;3.141.59&apos;, revision: &apos;e82be7d358&apos;, time: &apos;2018-11-14T08:17:03&apos;
System info: host: &apos;DS-LAP-74&apos;, ip: &apos;2402:8100:2801:15c:e88f:3e3d:fa4b:2fd9%en0&apos;, os.name: &apos;Mac OS X&apos;, os.arch: &apos;x86_64&apos;, os.version: &apos;10.15.4&apos;, java.version: &apos;1.8.0_241&apos;
Driver info: driver.version: ChromeDriver
remote stacktrace: 0   chromedriver                        0x00000001065bb329 chromedriver + 3838761
1   chromedriver                        0x0000000106555123 chromedriver + 3420451
2   chromedriver                        0x00000001062c962f chromedriver + 751151
3   chromedriver                        0x000000010622afa6 chromedriver + 102310
4   chromedriver                        0x0000000106226f7f chromedriver + 85887
5   chromedriver                        0x0000000106256473 chromedriver + 279667
6   chromedriver                        0x00000001062532b3 chromedriver + 266931
7   chromedriver                        0x000000010622d0bd chromedriver + 110781
8   chromedriver                        0x000000010622e055 chromedriver + 114773
9   chromedriver                        0x000000010657cebf chromedriver + 3583679
10  chromedriver                        0x0000000106589e4a chromedriver + 3636810
11  chromedriver                        0x0000000106589be7 chromedriver + 3636199
12  chromedriver                        0x0000000106560839 chromedriver + 3467321
13  chromedriver                        0x000000010658a707 chromedriver + 3639047
14  chromedriver                        0x0000000106572cc7 chromedriver + 3542215
15  chromedriver                        0x00000001065a0324 chromedriver + 3728164
16  chromedriver                        0x00000001065c1387 chromedriver + 3863431
17  libsystem_pthread.dylib             0x00007fff691d8109 _pthread_start + 148
18  libsystem_pthread.dylib             0x00007fff691d3b8b thread_start + 15

	at sun.reflect.NativeConstructorAccessorImpl.newInstance0(Native Method)
	at sun.reflect.NativeConstructorAccessorImpl.newInstance(NativeConstructorAccessorImpl.java:62)
	at sun.reflect.DelegatingConstructorAccessorImpl.newInstance(DelegatingConstructorAccessorImpl.java:45)
	at java.lang.reflect.Constructor.newInstance(Constructor.java:423)
	at org.openqa.selenium.remote.W3CHandshakeResponse.lambda$errorHandler$0(W3CHandshakeResponse.java:62)
	at org.openqa.selenium.remote.HandshakeResponse.lambda$getResponseFunction$0(HandshakeResponse.java:30)
	at org.openqa.selenium.remote.ProtocolHandshake.lambda$createSession$0(ProtocolHandshake.java:126)
	at java.util.stream.ReferencePipeline$3$1.accept(ReferencePipeline.java:193)
	at java.util.Spliterators$ArraySpliterator.tryAdvance(Spliterators.java:958)
	at java.util.stream.ReferencePipeline.forEachWithCancel(ReferencePipeline.java:126)
	at java.util.stream.AbstractPipeline.copyIntoWithCancel(AbstractPipeline.java:499)
	at java.util.stream.AbstractPipeline.copyInto(AbstractPipeline.java:486)
	at java.util.stream.AbstractPipeline.wrapAndCopyInto(AbstractPipeline.java:472)
	at java.util.stream.FindOps$FindOp.evaluateSequential(FindOps.java:152)
	at java.util.stream.AbstractPipeline.evaluate(AbstractPipeline.java:234)
	at java.util.stream.ReferencePipeline.findFirst(ReferencePipeline.java:464)
	at org.openqa.selenium.remote.ProtocolHandshake.createSession(ProtocolHandshake.java:128)
	at org.openqa.selenium.remote.ProtocolHandshake.createSession(ProtocolHandshake.java:74)
	at org.openqa.selenium.remote.HttpCommandExecutor.execute(HttpCommandExecutor.java:136)
	at org.openqa.selenium.remote.service.DriverCommandExecutor.execute(DriverCommandExecutor.java:83)
	at org.openqa.selenium.remote.RemoteWebDriver.execute(RemoteWebDriver.java:552)
	at org.openqa.selenium.remote.RemoteWebDriver.startSession(RemoteWebDriver.java:213)
	at org.openqa.selenium.remote.RemoteWebDriver.&lt;init&gt;(RemoteWebDriver.java:131)
	at org.openqa.selenium.chrome.ChromeDriver.&lt;init&gt;(ChromeDriver.java:181)
	at org.openqa.selenium.chrome.ChromeDriver.&lt;init&gt;(ChromeDriver.java:168)
	at org.openqa.selenium.chrome.ChromeDriver.&lt;init&gt;(ChromeDriver.java:123)
	at com.purpleAdmin.qa.base.TestBase.initialization(TestBase.java:51)
	at com.purpleAdmin.qa.testcases.LoginPageTestCases.setUp(LoginPageTestCases.java:30)
	at sun.reflect.NativeMethodAccessorImpl.invoke0(Native Method)
	at sun.reflect.NativeMethodAccessorImpl.invoke(NativeMethodAccessorImpl.java:62)
	at sun.reflect.DelegatingMethodAccessorImpl.invoke(DelegatingMethodAccessorImpl.java:43)
	at java.lang.reflect.Method.invoke(Method.java:498)
	at org.testng.internal.MethodInvocationHelper.invokeMethod(MethodInvocationHelper.java:85)
	at org.testng.internal.Invoker.invokeConfigurationMethod(Invoker.java:521)
	at org.testng.internal.Invoker.invokeConfigurations(Invoker.java:213)
	at org.testng.internal.Invoker.invokeMethod(Invoker.java:605)
	at org.testng.internal.Invoker.invokeTestMethod(Invoker.java:849)
	at org.testng.internal.Invoker.invokeTestMethods(Invoker.java:1157)
	at org.testng.internal.TestMethodWorker.invokeTestMethods(TestMethodWorker.java:124)
	at org.testng.internal.TestMethodWorker.run(TestMethodWorker.java:108)
	at org.testng.TestRunner.privateRun(TestRunner.java:771)
	at org.testng.TestRunner.run(TestRunner.java:621)
	at org.testng.SuiteRunner.runTest(SuiteRunner.java:357)
	at org.testng.SuiteRunner.runSequentially(SuiteRunner.java:352)
	at org.testng.SuiteRunner.privateRun(SuiteRunner.java:310)
	at org.testng.SuiteRunner.run(SuiteRunner.java:259)
	at org.testng.SuiteRunnerWorker.runSuite(SuiteRunnerWorker.java:52)
	at org.testng.SuiteRunnerWorker.run(SuiteRunnerWorker.java:86)
	at org.testng.TestNG.runSuitesSequentially(TestNG.java:1200)
	at org.testng.TestNG.runSuitesLocally(TestNG.java:1125)
	at org.testng.TestNG.run(TestNG.java:1033)
	at org.testng.remote.RemoteTestNG.run(RemoteTestNG.java:111)
	at org.testng.remote.RemoteTestNG.initAndRun(RemoteTestNG.java:204)
	at org.testng.remote.RemoteTestNG.main(RemoteTestNG.java:175)
</pre></div></td>
<td>0</td>
<td>com.purpleAdmin.qa.testcases.LoginPageTestCases@7c30a502</td></tr>
</table><p>
<table width='100%' border='1' class='invocation-skipped'>
<tr><td colspan='4' align='center'><b>SKIPPED CONFIGURATIONS</b></td></tr>
<tr><td><b>Test method</b></td>
<td width="30%"><b>Exception</b></td>
<td width="10%"><b>Time (seconds)</b></td>
<td><b>Instance</b></td>
</tr>
<tr>
<td title='com.purpleAdmin.qa.testcases.LoginPageTestCases.setUp()'><b>setUp</b><br>Test class: com.purpleAdmin.qa.testcases.LoginPageTestCases</td>
<td></td>
<td>0</td>
<td>com.purpleAdmin.qa.testcases.LoginPageTestCases@7c30a502</td></tr>
<tr>
<td title='com.purpleAdmin.qa.testcases.LoginPageTestCases.tearDown()'><b>tearDown</b><br>Test class: com.purpleAdmin.qa.testcases.LoginPageTestCases</td>
<td></td>
<td>0</td>
<td>com.purpleAdmin.qa.testcases.LoginPageTestCases@7c30a502</td></tr>
<tr>
<td title='com.purpleAdmin.qa.testcases.LoginPageTestCases.tearDown()'><b>tearDown</b><br>Test class: com.purpleAdmin.qa.testcases.LoginPageTestCases</td>
<td></td>
<td>0</td>
<td>com.purpleAdmin.qa.testcases.LoginPageTestCases@7c30a502</td></tr>
</table><p>
<table width='100%' border='1' class='invocation-skipped'>
<tr><td colspan='4' align='center'><b>SKIPPED TESTS</b></td></tr>
<tr><td><b>Test method</b></td>
<td width="30%"><b>Exception</b></td>
<td width="10%"><b>Time (seconds)</b></td>
<td><b>Instance</b></td>
</tr>
<tr>
<td title='com.purpleAdmin.qa.testcases.LoginPageTestCases.loginPageTitleTest()'><b>loginPageTitleTest</b><br>Test class: com.purpleAdmin.qa.testcases.LoginPageTestCases</td>
<td></td>
<td>0</td>
<td>com.purpleAdmin.qa.testcases.LoginPageTestCases@7c30a502</td></tr>
<tr>
<td title='com.purpleAdmin.qa.testcases.LoginPageTestCases.loginTest()'><b>loginTest</b><br>Test class: com.purpleAdmin.qa.testcases.LoginPageTestCases</td>
<td></td>
<td>0</td>
<td>com.purpleAdmin.qa.testcases.LoginPageTestCases@7c30a502</td></tr>
</table><p>
</body>
</html>