<?xml version="1.0" encoding="UTF-8"?>
<!-- Generated by org.testng.reporters.JUnitXMLReporter -->
<testsuite hostname="DS-LAP-74" name="Purple Admin Tool" tests="2" failures="0" timestamp="31 May 2020 11:32:51 GMT" time="2.317" errors="0">
  <testcase name="@BeforeMethod setUp" time="0.0" classname="com.purpleAdmin.qa.testcases.LoginPageTestCases">
    <failure type="org.openqa.selenium.SessionNotCreatedException" message="session not created: This version of ChromeDriver only supports Chrome version 80
Build info: version: &amp;apos;3.141.59&amp;apos;, revision: &amp;apos;e82be7d358&amp;apos;, time: &amp;apos;2018-11-14T08:17:03&amp;apos;
System info: host: &amp;apos;DS-LAP-74&amp;apos;, ip: &amp;apos;2402:8100:2801:15c:e88f:3e3d:fa4b:2fd9%en0&amp;apos;, os.name: &amp;apos;Mac OS X&amp;apos;, os.arch: &amp;apos;x86_64&amp;apos;, os.version: &amp;apos;10.15.4&amp;apos;, java.version: &amp;apos;1.8.0_241&amp;apos;
Driver info: driver.version: ChromeDriver
remote stacktrace: 0   chromedriver                        0x00000001065bb329 chromedriver + 3838761
1   chromedriver                        0x0000000106555123 chromedriver + 3420451
2   chromedriver                        0x00000001062c962f chromedriver + 751151
3   chromedriver                        0x000000010622afa6 chromedriver + 102310
4   chromedriver                        0x0000000106226f7f chromedriver + 85887
5   chromedriver                        0x0000000106256473 chromedriver + 279667
6   chromedriver                        0x00000001062532b3 chromedriver + 266931
7   chromedriver                        0x000000010622d0bd chromedriver + 110781
8   chromedriver                        0x000000010622e055 chromedriver + 114773
9   chromedriver                        0x000000010657cebf chromedriver + 3583679
10  chromedriver                        0x0000000106589e4a chromedriver + 3636810
11  chromedriver                        0x0000000106589be7 chromedriver + 3636199
12  chromedriver                        0x0000000106560839 chromedriver + 3467321
13  chromedriver                        0x000000010658a707 chromedriver + 3639047
14  chromedriver                        0x0000000106572cc7 chromedriver + 3542215
15  chromedriver                        0x00000001065a0324 chromedriver + 3728164
16  chromedriver                        0x00000001065c1387 chromedriver + 3863431
17  libsystem_pthread.dylib             0x00007fff691d8109 _pthread_start + 148
18  libsystem_pthread.dylib             0x00007fff691d3b8b thread_start + 15
">
      <![CDATA[org.openqa.selenium.SessionNotCreatedException: session not created: This version of ChromeDriver only supports Chrome version 80
Build info: version: '3.141.59', revision: 'e82be7d358', time: '2018-11-14T08:17:03'
System info: host: 'DS-LAP-74', ip: '2402:8100:2801:15c:e88f:3e3d:fa4b:2fd9%en0', os.name: 'Mac OS X', os.arch: 'x86_64', os.version: '10.15.4', java.version: '1.8.0_241'
Driver info: driver.version: ChromeDriver
remote stacktrace: 0   chromedriver                        0x00000001065bb329 chromedriver + 3838761
1   chromedriver                        0x0000000106555123 chromedriver + 3420451
2   chromedriver                        0x00000001062c962f chromedriver + 751151
3   chromedriver                        0x000000010622afa6 chromedriver + 102310
4   chromedriver                        0x0000000106226f7f chromedriver + 85887
5   chromedriver                        0x0000000106256473 chromedriver + 279667
6   chromedriver                        0x00000001062532b3 chromedriver + 266931
7   chromedriver                        0x000000010622d0bd chromedriver + 110781
8   chromedriver                        0x000000010622e055 chromedriver + 114773
9   chromedriver                        0x000000010657cebf chromedriver + 3583679
10  chromedriver                        0x0000000106589e4a chromedriver + 3636810
11  chromedriver                        0x0000000106589be7 chromedriver + 3636199
12  chromedriver                        0x0000000106560839 chromedriver + 3467321
13  chromedriver                        0x000000010658a707 chromedriver + 3639047
14  chromedriver                        0x0000000106572cc7 chromedriver + 3542215
15  chromedriver                        0x00000001065a0324 chromedriver + 3728164
16  chromedriver                        0x00000001065c1387 chromedriver + 3863431
17  libsystem_pthread.dylib             0x00007fff691d8109 _pthread_start + 148
18  libsystem_pthread.dylib             0x00007fff691d3b8b thread_start + 15

	at org.openqa.selenium.remote.W3CHandshakeResponse.lambda$errorHandler$0(W3CHandshakeResponse.java:62)
	at org.openqa.selenium.remote.HandshakeResponse.lambda$getResponseFunction$0(HandshakeResponse.java:30)
	at org.openqa.selenium.remote.ProtocolHandshake.lambda$createSession$0(ProtocolHandshake.java:126)
	at java.util.stream.ReferencePipeline$3$1.accept(ReferencePipeline.java:193)
	at java.util.Spliterators$ArraySpliterator.tryAdvance(Spliterators.java:958)
	at java.util.stream.ReferencePipeline.forEachWithCancel(ReferencePipeline.java:126)
	at java.util.stream.AbstractPipeline.copyIntoWithCancel(AbstractPipeline.java:499)
	at java.util.stream.AbstractPipeline.copyInto(AbstractPipeline.java:486)
	at java.util.stream.AbstractPipeline.wrapAndCopyInto(AbstractPipeline.java:472)
	at java.util.stream.FindOps$FindOp.evaluateSequential(FindOps.java:152)
	at java.util.stream.AbstractPipeline.evaluate(AbstractPipeline.java:234)
	at java.util.stream.ReferencePipeline.findFirst(ReferencePipeline.java:464)
	at org.openqa.selenium.remote.ProtocolHandshake.createSession(ProtocolHandshake.java:128)
	at org.openqa.selenium.remote.ProtocolHandshake.createSession(ProtocolHandshake.java:74)
	at org.openqa.selenium.remote.HttpCommandExecutor.execute(HttpCommandExecutor.java:136)
	at org.openqa.selenium.remote.service.DriverCommandExecutor.execute(DriverCommandExecutor.java:83)
	at org.openqa.selenium.remote.RemoteWebDriver.execute(RemoteWebDriver.java:552)
	at org.openqa.selenium.remote.RemoteWebDriver.startSession(RemoteWebDriver.java:213)
	at org.openqa.selenium.remote.RemoteWebDriver.<init>(RemoteWebDriver.java:131)
	at org.openqa.selenium.chrome.ChromeDriver.<init>(ChromeDriver.java:181)
	at org.openqa.selenium.chrome.ChromeDriver.<init>(ChromeDriver.java:168)
	at org.openqa.selenium.chrome.ChromeDriver.<init>(ChromeDriver.java:123)
	at com.purpleAdmin.qa.base.TestBase.initialization(TestBase.java:51)
	at com.purpleAdmin.qa.testcases.LoginPageTestCases.setUp(LoginPageTestCases.java:30)
... Removed 30 stack frames]]>
    </failure>
  </testcase> <!-- @BeforeMethod setUp -->
  <testcase name="@AfterMethod tearDown" time="0.0" classname="com.purpleAdmin.qa.testcases.LoginPageTestCases">
    <skipped/>
  </testcase> <!-- @AfterMethod tearDown -->
  <testcase name="@BeforeMethod setUp" time="0.0" classname="com.purpleAdmin.qa.testcases.LoginPageTestCases">
    <skipped/>
  </testcase> <!-- @BeforeMethod setUp -->
  <testcase name="@AfterMethod tearDown" time="0.0" classname="com.purpleAdmin.qa.testcases.LoginPageTestCases">
    <skipped/>
  </testcase> <!-- @AfterMethod tearDown -->
  <testcase name="loginPageTitleTest" time="0.006" classname="com.purpleAdmin.qa.testcases.LoginPageTestCases">
    <skipped/>
  </testcase> <!-- loginPageTitleTest -->
  <testcase name="loginTest" time="0.001" classname="com.purpleAdmin.qa.testcases.LoginPageTestCases">
    <skipped/>
  </testcase> <!-- loginTest -->
</testsuite> <!-- Purple Admin Tool -->
