<?xml version="1.0" encoding="UTF-8"?>
<testng-results skipped="0" failed="1" ignored="0" total="2" passed="1">
  <reporter-output>
  </reporter-output>
  <suite name="Purple Admin Tool Automation Test Suite" duration-ms="19004" started-at="2020-04-26T15:31:55Z" finished-at="2020-04-26T15:32:14Z">
    <groups>
    </groups>
    <test name="Purple Admin Tool" duration-ms="19004" started-at="2020-04-26T15:31:55Z" finished-at="2020-04-26T15:32:14Z">
      <class name="com.purpleAdmin.qa.testcases.LoginPageTestCases">
        <test-method status="PASS" signature="setUp()[pri:0, instance:com.purpleAdmin.qa.testcases.LoginPageTestCases@6a4f787b]" name="setUp" is-config="true" duration-ms="8964" started-at="2020-04-26T21:01:55Z" finished-at="2020-04-26T21:02:04Z">
          <reporter-output>
          </reporter-output>
        </test-method> <!-- setUp -->
        <test-method status="FAIL" signature="loginPageTitleTest()[pri:1, instance:com.purpleAdmin.qa.testcases.LoginPageTestCases@6a4f787b]" name="loginPageTitleTest" duration-ms="22" started-at="2020-04-26T21:02:04Z" finished-at="2020-04-26T21:02:04Z">
          <exception class="java.lang.AssertionError">
            <message>
              <![CDATA[expected [Purple Test] but found [Purple Test !]]]>
            </message>
            <full-stacktrace>
              <![CDATA[java.lang.AssertionError: expected [Purple Test] but found [Purple Test !]
	at org.testng.Assert.fail(Assert.java:93)
	at org.testng.Assert.failNotEquals(Assert.java:512)
	at org.testng.Assert.assertEqualsImpl(Assert.java:134)
	at org.testng.Assert.assertEquals(Assert.java:115)
	at org.testng.Assert.assertEquals(Assert.java:189)
	at org.testng.Assert.assertEquals(Assert.java:199)
	at com.purpleAdmin.qa.testcases.LoginPageTestCases.loginPageTitleTest(LoginPageTestCases.java:34)
	at sun.reflect.NativeMethodAccessorImpl.invoke0(Native Method)
	at sun.reflect.NativeMethodAccessorImpl.invoke(NativeMethodAccessorImpl.java:62)
	at sun.reflect.DelegatingMethodAccessorImpl.invoke(DelegatingMethodAccessorImpl.java:43)
	at java.lang.reflect.Method.invoke(Method.java:498)
	at org.testng.internal.MethodInvocationHelper.invokeMethod(MethodInvocationHelper.java:108)
	at org.testng.internal.Invoker.invokeMethod(Invoker.java:661)
	at org.testng.internal.Invoker.invokeTestMethod(Invoker.java:869)
	at org.testng.internal.Invoker.invokeTestMethods(Invoker.java:1193)
	at org.testng.internal.TestMethodWorker.invokeTestMethods(TestMethodWorker.java:126)
	at org.testng.internal.TestMethodWorker.run(TestMethodWorker.java:109)
	at org.testng.TestRunner.privateRun(TestRunner.java:744)
	at org.testng.TestRunner.run(TestRunner.java:602)
	at org.testng.SuiteRunner.runTest(SuiteRunner.java:380)
	at org.testng.SuiteRunner.runSequentially(SuiteRunner.java:375)
	at org.testng.SuiteRunner.privateRun(SuiteRunner.java:340)
	at org.testng.SuiteRunner.run(SuiteRunner.java:289)
	at org.testng.SuiteRunnerWorker.runSuite(SuiteRunnerWorker.java:52)
	at org.testng.SuiteRunnerWorker.run(SuiteRunnerWorker.java:86)
	at org.testng.TestNG.runSuitesSequentially(TestNG.java:1301)
	at org.testng.TestNG.runSuitesLocally(TestNG.java:1226)
	at org.testng.TestNG.runSuites(TestNG.java:1144)
	at org.testng.TestNG.run(TestNG.java:1115)
	at org.testng.remote.AbstractRemoteTestNG.run(AbstractRemoteTestNG.java:114)
	at org.testng.remote.RemoteTestNG.initAndRun(RemoteTestNG.java:251)
	at org.testng.remote.RemoteTestNG.main(RemoteTestNG.java:77)
]]>
            </full-stacktrace>
          </exception> <!-- java.lang.AssertionError -->
          <reporter-output>
          </reporter-output>
        </test-method> <!-- loginPageTitleTest -->
        <test-method status="PASS" signature="tearDown()[pri:0, instance:com.purpleAdmin.qa.testcases.LoginPageTestCases@6a4f787b]" name="tearDown" is-config="true" duration-ms="130" started-at="2020-04-26T21:02:04Z" finished-at="2020-04-26T21:02:04Z">
          <reporter-output>
          </reporter-output>
        </test-method> <!-- tearDown -->
        <test-method status="PASS" signature="setUp()[pri:0, instance:com.purpleAdmin.qa.testcases.LoginPageTestCases@6a4f787b]" name="setUp" is-config="true" duration-ms="8747" started-at="2020-04-26T21:02:04Z" finished-at="2020-04-26T21:02:13Z">
          <reporter-output>
          </reporter-output>
        </test-method> <!-- setUp -->
        <test-method status="PASS" signature="loginTest()[pri:2, instance:com.purpleAdmin.qa.testcases.LoginPageTestCases@6a4f787b]" name="loginTest" duration-ms="865" started-at="2020-04-26T21:02:13Z" finished-at="2020-04-26T21:02:14Z">
          <reporter-output>
          </reporter-output>
        </test-method> <!-- loginTest -->
        <test-method status="PASS" signature="tearDown()[pri:0, instance:com.purpleAdmin.qa.testcases.LoginPageTestCases@6a4f787b]" name="tearDown" is-config="true" duration-ms="239" started-at="2020-04-26T21:02:14Z" finished-at="2020-04-26T21:02:14Z">
          <reporter-output>
          </reporter-output>
        </test-method> <!-- tearDown -->
      </class> <!-- com.purpleAdmin.qa.testcases.LoginPageTestCases -->
    </test> <!-- Purple Admin Tool -->
  </suite> <!-- Purple Admin Tool Automation Test Suite -->
</testng-results>
