<?xml version="1.0" encoding="UTF-8"?>
<!-- Generated by org.testng.reporters.JUnitReportReporter -->
<testsuite hostname="DS-LAP-74" name="com.purpleAdmin.qa.testcases.LoginPageTestCases" tests="2" failures="0" timestamp="31 May 2020 11:32:52 GMT" time="0.007" errors="2">
  <testcase name="loginPageTitleTest" time="0.006" classname="com.purpleAdmin.qa.testcases.LoginPageTestCases">
    <error type="org.openqa.selenium.SessionNotCreatedException" message="session not created: This version of ChromeDriver only supports Chrome version 80
Build info: version: &#039;3.141.59&#039;, revision: &#039;e82be7d358&#039;, time: &#039;2018-11-14T08:17:03&#039;
System info: host: &#039;DS-LAP-74&#039;, ip: &#039;2402:8100:2801:15c:e88f:3e3d:fa4b:2fd9%en0&#039;, os.name: &#039;Mac OS X&#039;, os.arch: &#039;x86_64&#039;, os.version: &#039;10.15.4&#039;, java.version: &#039;1.8.0_241&#039;
Driver info: driver.version: ChromeDriver
remote stacktrace: 0   chromedriver                        0x00000001065bb329 chromedriver + 3838761
1   chromedriver                        0x0000000106555123 chromedriver + 3420451
2   chromedriver                        0x00000001062c962f chromedriver + 751151
3   chromedriver                        0x000000010622afa6 chromedriver + 102310
4   chromedriver                        0x0000000106226f7f chromedriver + 85887
5   chromedriver                        0x0000000106256473 chromedriver + 279667
6   chromedriver                        0x00000001062532b3 chromedriver + 266931
7   chromedriver                        0x000000010622d0bd chromedriver + 110781
8   chromedriver                        0x000000010622e055 chromedriver + 114773
9   chromedriver                        0x000000010657cebf chromedriver + 3583679
10  chromedriver                        0x0000000106589e4a chromedriver + 3636810
11  chromedriver                        0x0000000106589be7 chromedriver + 3636199
12  chromedriver                        0x0000000106560839 chromedriver + 3467321
13  chromedriver                        0x000000010658a707 chromedriver + 3639047
14  chromedriver                        0x0000000106572cc7 chromedriver + 3542215
15  chromedriver                        0x00000001065a0324 chromedriver + 3728164
16  chromedriver                        0x00000001065c1387 chromedriver + 3863431
17  libsystem_pthread.dylib             0x00007fff691d8109 _pthread_start + 148
18  libsystem_pthread.dylib             0x00007fff691d3b8b thread_start + 15
">
      <![CDATA[org.openqa.selenium.SessionNotCreatedException: session not created: This version of ChromeDriver only supports Chrome version 80
Build info: version: '3.141.59', revision: 'e82be7d358', time: '2018-11-14T08:17:03'
System info: host: 'DS-LAP-74', ip: '2402:8100:2801:15c:e88f:3e3d:fa4b:2fd9%en0', os.name: 'Mac OS X', os.arch: 'x86_64', os.version: '10.15.4', java.version: '1.8.0_241'
Driver info: driver.version: ChromeDriver
remote stacktrace: 0   chromedriver                        0x00000001065bb329 chromedriver + 3838761
1   chromedriver                        0x0000000106555123 chromedriver + 3420451
2   chromedriver                        0x00000001062c962f chromedriver + 751151
3   chromedriver                        0x000000010622afa6 chromedriver + 102310
4   chromedriver                        0x0000000106226f7f chromedriver + 85887
5   chromedriver                        0x0000000106256473 chromedriver + 279667
6   chromedriver                        0x00000001062532b3 chromedriver + 266931
7   chromedriver                        0x000000010622d0bd chromedriver + 110781
8   chromedriver                        0x000000010622e055 chromedriver + 114773
9   chromedriver                        0x000000010657cebf chromedriver + 3583679
10  chromedriver                        0x0000000106589e4a chromedriver + 3636810
11  chromedriver                        0x0000000106589be7 chromedriver + 3636199
12  chromedriver                        0x0000000106560839 chromedriver + 3467321
13  chromedriver                        0x000000010658a707 chromedriver + 3639047
14  chromedriver                        0x0000000106572cc7 chromedriver + 3542215
15  chromedriver                        0x00000001065a0324 chromedriver + 3728164
16  chromedriver                        0x00000001065c1387 chromedriver + 3863431
17  libsystem_pthread.dylib             0x00007fff691d8109 _pthread_start + 148
18  libsystem_pthread.dylib             0x00007fff691d3b8b thread_start + 15

	at sun.reflect.NativeConstructorAccessorImpl.newInstance0(Native Method)
	at sun.reflect.NativeConstructorAccessorImpl.newInstance(NativeConstructorAccessorImpl.java:62)
	at sun.reflect.DelegatingConstructorAccessorImpl.newInstance(DelegatingConstructorAccessorImpl.java:45)
	at java.lang.reflect.Constructor.newInstance(Constructor.java:423)
	at org.openqa.selenium.remote.W3CHandshakeResponse.lambda$errorHandler$0(W3CHandshakeResponse.java:62)
	at org.openqa.selenium.remote.HandshakeResponse.lambda$getResponseFunction$0(HandshakeResponse.java:30)
	at org.openqa.selenium.remote.ProtocolHandshake.lambda$createSession$0(ProtocolHandshake.java:126)
	at java.util.stream.ReferencePipeline$3$1.accept(ReferencePipeline.java:193)
	at java.util.Spliterators$ArraySpliterator.tryAdvance(Spliterators.java:958)
	at java.util.stream.ReferencePipeline.forEachWithCancel(ReferencePipeline.java:126)
	at java.util.stream.AbstractPipeline.copyIntoWithCancel(AbstractPipeline.java:499)
	at java.util.stream.AbstractPipeline.copyInto(AbstractPipeline.java:486)
	at java.util.stream.AbstractPipeline.wrapAndCopyInto(AbstractPipeline.java:472)
	at java.util.stream.FindOps$FindOp.evaluateSequential(FindOps.java:152)
	at java.util.stream.AbstractPipeline.evaluate(AbstractPipeline.java:234)
	at java.util.stream.ReferencePipeline.findFirst(ReferencePipeline.java:464)
	at org.openqa.selenium.remote.ProtocolHandshake.createSession(ProtocolHandshake.java:128)
	at org.openqa.selenium.remote.ProtocolHandshake.createSession(ProtocolHandshake.java:74)
	at org.openqa.selenium.remote.HttpCommandExecutor.execute(HttpCommandExecutor.java:136)
	at org.openqa.selenium.remote.service.DriverCommandExecutor.execute(DriverCommandExecutor.java:83)
	at org.openqa.selenium.remote.RemoteWebDriver.execute(RemoteWebDriver.java:552)
	at org.openqa.selenium.remote.RemoteWebDriver.startSession(RemoteWebDriver.java:213)
	at org.openqa.selenium.remote.RemoteWebDriver.<init>(RemoteWebDriver.java:131)
	at org.openqa.selenium.chrome.ChromeDriver.<init>(ChromeDriver.java:181)
	at org.openqa.selenium.chrome.ChromeDriver.<init>(ChromeDriver.java:168)
	at org.openqa.selenium.chrome.ChromeDriver.<init>(ChromeDriver.java:123)
	at com.purpleAdmin.qa.base.TestBase.initialization(TestBase.java:51)
	at com.purpleAdmin.qa.testcases.LoginPageTestCases.setUp(LoginPageTestCases.java:30)
	at sun.reflect.NativeMethodAccessorImpl.invoke0(Native Method)
	at sun.reflect.NativeMethodAccessorImpl.invoke(NativeMethodAccessorImpl.java:62)
	at sun.reflect.DelegatingMethodAccessorImpl.invoke(DelegatingMethodAccessorImpl.java:43)
	at java.lang.reflect.Method.invoke(Method.java:498)
	at org.testng.internal.MethodInvocationHelper.invokeMethod(MethodInvocationHelper.java:85)
	at org.testng.internal.Invoker.invokeConfigurationMethod(Invoker.java:521)
	at org.testng.internal.Invoker.invokeConfigurations(Invoker.java:213)
	at org.testng.internal.Invoker.invokeMethod(Invoker.java:605)
	at org.testng.internal.Invoker.invokeTestMethod(Invoker.java:849)
	at org.testng.internal.Invoker.invokeTestMethods(Invoker.java:1157)
	at org.testng.internal.TestMethodWorker.invokeTestMethods(TestMethodWorker.java:124)
	at org.testng.internal.TestMethodWorker.run(TestMethodWorker.java:108)
	at org.testng.TestRunner.privateRun(TestRunner.java:771)
	at org.testng.TestRunner.run(TestRunner.java:621)
	at org.testng.SuiteRunner.runTest(SuiteRunner.java:357)
	at org.testng.SuiteRunner.runSequentially(SuiteRunner.java:352)
	at org.testng.SuiteRunner.privateRun(SuiteRunner.java:310)
	at org.testng.SuiteRunner.run(SuiteRunner.java:259)
	at org.testng.SuiteRunnerWorker.runSuite(SuiteRunnerWorker.java:52)
	at org.testng.SuiteRunnerWorker.run(SuiteRunnerWorker.java:86)
	at org.testng.TestNG.runSuitesSequentially(TestNG.java:1200)
	at org.testng.TestNG.runSuitesLocally(TestNG.java:1125)
	at org.testng.TestNG.run(TestNG.java:1033)
	at org.testng.remote.RemoteTestNG.run(RemoteTestNG.java:111)
	at org.testng.remote.RemoteTestNG.initAndRun(RemoteTestNG.java:204)
	at org.testng.remote.RemoteTestNG.main(RemoteTestNG.java:175)
]]>
    </error>
  </testcase> <!-- loginPageTitleTest -->
  <testcase name="loginTest" time="0.001" classname="com.purpleAdmin.qa.testcases.LoginPageTestCases">
    <error type="org.openqa.selenium.SessionNotCreatedException" message="session not created: This version of ChromeDriver only supports Chrome version 80
Build info: version: &#039;3.141.59&#039;, revision: &#039;e82be7d358&#039;, time: &#039;2018-11-14T08:17:03&#039;
System info: host: &#039;DS-LAP-74&#039;, ip: &#039;2402:8100:2801:15c:e88f:3e3d:fa4b:2fd9%en0&#039;, os.name: &#039;Mac OS X&#039;, os.arch: &#039;x86_64&#039;, os.version: &#039;10.15.4&#039;, java.version: &#039;1.8.0_241&#039;
Driver info: driver.version: ChromeDriver
remote stacktrace: 0   chromedriver                        0x00000001065bb329 chromedriver + 3838761
1   chromedriver                        0x0000000106555123 chromedriver + 3420451
2   chromedriver                        0x00000001062c962f chromedriver + 751151
3   chromedriver                        0x000000010622afa6 chromedriver + 102310
4   chromedriver                        0x0000000106226f7f chromedriver + 85887
5   chromedriver                        0x0000000106256473 chromedriver + 279667
6   chromedriver                        0x00000001062532b3 chromedriver + 266931
7   chromedriver                        0x000000010622d0bd chromedriver + 110781
8   chromedriver                        0x000000010622e055 chromedriver + 114773
9   chromedriver                        0x000000010657cebf chromedriver + 3583679
10  chromedriver                        0x0000000106589e4a chromedriver + 3636810
11  chromedriver                        0x0000000106589be7 chromedriver + 3636199
12  chromedriver                        0x0000000106560839 chromedriver + 3467321
13  chromedriver                        0x000000010658a707 chromedriver + 3639047
14  chromedriver                        0x0000000106572cc7 chromedriver + 3542215
15  chromedriver                        0x00000001065a0324 chromedriver + 3728164
16  chromedriver                        0x00000001065c1387 chromedriver + 3863431
17  libsystem_pthread.dylib             0x00007fff691d8109 _pthread_start + 148
18  libsystem_pthread.dylib             0x00007fff691d3b8b thread_start + 15
">
      <![CDATA[org.openqa.selenium.SessionNotCreatedException: session not created: This version of ChromeDriver only supports Chrome version 80
Build info: version: '3.141.59', revision: 'e82be7d358', time: '2018-11-14T08:17:03'
System info: host: 'DS-LAP-74', ip: '2402:8100:2801:15c:e88f:3e3d:fa4b:2fd9%en0', os.name: 'Mac OS X', os.arch: 'x86_64', os.version: '10.15.4', java.version: '1.8.0_241'
Driver info: driver.version: ChromeDriver
remote stacktrace: 0   chromedriver                        0x00000001065bb329 chromedriver + 3838761
1   chromedriver                        0x0000000106555123 chromedriver + 3420451
2   chromedriver                        0x00000001062c962f chromedriver + 751151
3   chromedriver                        0x000000010622afa6 chromedriver + 102310
4   chromedriver                        0x0000000106226f7f chromedriver + 85887
5   chromedriver                        0x0000000106256473 chromedriver + 279667
6   chromedriver                        0x00000001062532b3 chromedriver + 266931
7   chromedriver                        0x000000010622d0bd chromedriver + 110781
8   chromedriver                        0x000000010622e055 chromedriver + 114773
9   chromedriver                        0x000000010657cebf chromedriver + 3583679
10  chromedriver                        0x0000000106589e4a chromedriver + 3636810
11  chromedriver                        0x0000000106589be7 chromedriver + 3636199
12  chromedriver                        0x0000000106560839 chromedriver + 3467321
13  chromedriver                        0x000000010658a707 chromedriver + 3639047
14  chromedriver                        0x0000000106572cc7 chromedriver + 3542215
15  chromedriver                        0x00000001065a0324 chromedriver + 3728164
16  chromedriver                        0x00000001065c1387 chromedriver + 3863431
17  libsystem_pthread.dylib             0x00007fff691d8109 _pthread_start + 148
18  libsystem_pthread.dylib             0x00007fff691d3b8b thread_start + 15

	at sun.reflect.NativeConstructorAccessorImpl.newInstance0(Native Method)
	at sun.reflect.NativeConstructorAccessorImpl.newInstance(NativeConstructorAccessorImpl.java:62)
	at sun.reflect.DelegatingConstructorAccessorImpl.newInstance(DelegatingConstructorAccessorImpl.java:45)
	at java.lang.reflect.Constructor.newInstance(Constructor.java:423)
	at org.openqa.selenium.remote.W3CHandshakeResponse.lambda$errorHandler$0(W3CHandshakeResponse.java:62)
	at org.openqa.selenium.remote.HandshakeResponse.lambda$getResponseFunction$0(HandshakeResponse.java:30)
	at org.openqa.selenium.remote.ProtocolHandshake.lambda$createSession$0(ProtocolHandshake.java:126)
	at java.util.stream.ReferencePipeline$3$1.accept(ReferencePipeline.java:193)
	at java.util.Spliterators$ArraySpliterator.tryAdvance(Spliterators.java:958)
	at java.util.stream.ReferencePipeline.forEachWithCancel(ReferencePipeline.java:126)
	at java.util.stream.AbstractPipeline.copyIntoWithCancel(AbstractPipeline.java:499)
	at java.util.stream.AbstractPipeline.copyInto(AbstractPipeline.java:486)
	at java.util.stream.AbstractPipeline.wrapAndCopyInto(AbstractPipeline.java:472)
	at java.util.stream.FindOps$FindOp.evaluateSequential(FindOps.java:152)
	at java.util.stream.AbstractPipeline.evaluate(AbstractPipeline.java:234)
	at java.util.stream.ReferencePipeline.findFirst(ReferencePipeline.java:464)
	at org.openqa.selenium.remote.ProtocolHandshake.createSession(ProtocolHandshake.java:128)
	at org.openqa.selenium.remote.ProtocolHandshake.createSession(ProtocolHandshake.java:74)
	at org.openqa.selenium.remote.HttpCommandExecutor.execute(HttpCommandExecutor.java:136)
	at org.openqa.selenium.remote.service.DriverCommandExecutor.execute(DriverCommandExecutor.java:83)
	at org.openqa.selenium.remote.RemoteWebDriver.execute(RemoteWebDriver.java:552)
	at org.openqa.selenium.remote.RemoteWebDriver.startSession(RemoteWebDriver.java:213)
	at org.openqa.selenium.remote.RemoteWebDriver.<init>(RemoteWebDriver.java:131)
	at org.openqa.selenium.chrome.ChromeDriver.<init>(ChromeDriver.java:181)
	at org.openqa.selenium.chrome.ChromeDriver.<init>(ChromeDriver.java:168)
	at org.openqa.selenium.chrome.ChromeDriver.<init>(ChromeDriver.java:123)
	at com.purpleAdmin.qa.base.TestBase.initialization(TestBase.java:51)
	at com.purpleAdmin.qa.testcases.LoginPageTestCases.setUp(LoginPageTestCases.java:30)
	at sun.reflect.NativeMethodAccessorImpl.invoke0(Native Method)
	at sun.reflect.NativeMethodAccessorImpl.invoke(NativeMethodAccessorImpl.java:62)
	at sun.reflect.DelegatingMethodAccessorImpl.invoke(DelegatingMethodAccessorImpl.java:43)
	at java.lang.reflect.Method.invoke(Method.java:498)
	at org.testng.internal.MethodInvocationHelper.invokeMethod(MethodInvocationHelper.java:85)
	at org.testng.internal.Invoker.invokeConfigurationMethod(Invoker.java:521)
	at org.testng.internal.Invoker.invokeConfigurations(Invoker.java:213)
	at org.testng.internal.Invoker.invokeMethod(Invoker.java:605)
	at org.testng.internal.Invoker.invokeTestMethod(Invoker.java:849)
	at org.testng.internal.Invoker.invokeTestMethods(Invoker.java:1157)
	at org.testng.internal.TestMethodWorker.invokeTestMethods(TestMethodWorker.java:124)
	at org.testng.internal.TestMethodWorker.run(TestMethodWorker.java:108)
	at org.testng.TestRunner.privateRun(TestRunner.java:771)
	at org.testng.TestRunner.run(TestRunner.java:621)
	at org.testng.SuiteRunner.runTest(SuiteRunner.java:357)
	at org.testng.SuiteRunner.runSequentially(SuiteRunner.java:352)
	at org.testng.SuiteRunner.privateRun(SuiteRunner.java:310)
	at org.testng.SuiteRunner.run(SuiteRunner.java:259)
	at org.testng.SuiteRunnerWorker.runSuite(SuiteRunnerWorker.java:52)
	at org.testng.SuiteRunnerWorker.run(SuiteRunnerWorker.java:86)
	at org.testng.TestNG.runSuitesSequentially(TestNG.java:1200)
	at org.testng.TestNG.runSuitesLocally(TestNG.java:1125)
	at org.testng.TestNG.run(TestNG.java:1033)
	at org.testng.remote.RemoteTestNG.run(RemoteTestNG.java:111)
	at org.testng.remote.RemoteTestNG.initAndRun(RemoteTestNG.java:204)
	at org.testng.remote.RemoteTestNG.main(RemoteTestNG.java:175)
]]>
    </error>
  </testcase> <!-- loginTest -->
</testsuite> <!-- com.purpleAdmin.qa.testcases.LoginPageTestCases -->
